<?xml version="1.0" encoding="UTF-8"?>
<!-- Generated by org.testng.reporters.JUnitXMLReporter -->
<testsuite ignored="0" hostname="DESKTOP-OCSFSN6" failures="0" tests="6" name="Default test" time="295.241" errors="0" timestamp="21 Mar 2021 19:31:29 GMT">
  <testcase classname="school.educare.testcases.HomePageTest" name="homePageTitleTest" time="0.018"/>
  <testcase classname="school.educare.testcases.HomePageTest" name="programsLinkTest" time="0.712"/>
  <testcase classname="school.educare.testcases.HomePageTest" name="onlineProgramsLinkTest" time="0.695"/>
  <testcase classname="school.educare.testcases.HomePageTest" name="jobLinkTest" time="0.287"/>
  <testcase classname="school.educare.testcases.HomePageTest" name="communityProgramsLink" time="0.305"/>
  <testcase classname="school.educare.testcases.HomePageTest" name="aboutUsLinkTest" time="0.488"/>
</testsuite> <!-- Default test -->
