<?xml version="1.0" encoding="UTF-8"?>
<testng-results ignored="0" total="6" passed="6" failed="0" skipped="0">
  <reporter-output>
  </reporter-output>
  <suite started-at="2021-03-21T19:26:34Z" name="Default suite" finished-at="2021-03-21T19:31:29Z" duration-ms="295241">
    <groups>
    </groups>
    <test started-at="2021-03-21T19:26:34Z" name="Default test" finished-at="2021-03-21T19:31:29Z" duration-ms="295241">
      <class name="school.educare.testcases.HomePageTest">
        <test-method is-config="true" signature="setUp()[pri:0, instance:school.educare.testcases.HomePageTest@5ab9e72c]" started-at="2021-03-21T19:26:34Z" name="setUp" finished-at="2021-03-21T19:26:46Z" duration-ms="12073" status="PASS">
          <reporter-output>
          </reporter-output>
        </test-method> <!-- setUp -->
        <test-method signature="homePageTitleTest()[pri:1, instance:school.educare.testcases.HomePageTest@5ab9e72c]" started-at="2021-03-21T19:26:46Z" name="homePageTitleTest" finished-at="2021-03-21T19:26:46Z" duration-ms="18" status="PASS">
          <reporter-output>
          </reporter-output>
        </test-method> <!-- homePageTitleTest -->
        <test-method is-config="true" signature="tearDown()[pri:0, instance:school.educare.testcases.HomePageTest@5ab9e72c]" started-at="2021-03-21T19:26:46Z" name="tearDown" finished-at="2021-03-21T19:26:55Z" duration-ms="8634" status="PASS">
          <reporter-output>
          </reporter-output>
        </test-method> <!-- tearDown -->
        <test-method is-config="true" signature="setUp()[pri:0, instance:school.educare.testcases.HomePageTest@5ab9e72c]" started-at="2021-03-21T19:26:55Z" name="setUp" finished-at="2021-03-21T19:27:09Z" duration-ms="13973" status="PASS">
          <reporter-output>
          </reporter-output>
        </test-method> <!-- setUp -->
        <test-method signature="programsLinkTest()[pri:2, instance:school.educare.testcases.HomePageTest@5ab9e72c]" started-at="2021-03-21T19:27:09Z" name="programsLinkTest" finished-at="2021-03-21T19:27:09Z" duration-ms="712" status="PASS">
          <reporter-output>
          </reporter-output>
        </test-method> <!-- programsLinkTest -->
        <test-method is-config="true" signature="tearDown()[pri:0, instance:school.educare.testcases.HomePageTest@5ab9e72c]" started-at="2021-03-21T19:27:09Z" name="tearDown" finished-at="2021-03-21T19:27:16Z" duration-ms="6163" status="PASS">
          <reporter-output>
          </reporter-output>
        </test-method> <!-- tearDown -->
        <test-method is-config="true" signature="setUp()[pri:0, instance:school.educare.testcases.HomePageTest@5ab9e72c]" started-at="2021-03-21T19:27:16Z" name="setUp" finished-at="2021-03-21T19:27:27Z" duration-ms="11830" status="PASS">
          <reporter-output>
          </reporter-output>
        </test-method> <!-- setUp -->
        <test-method signature="onlineProgramsLinkTest()[pri:3, instance:school.educare.testcases.HomePageTest@5ab9e72c]" started-at="2021-03-21T19:27:27Z" name="onlineProgramsLinkTest" finished-at="2021-03-21T19:27:28Z" duration-ms="695" status="PASS">
          <reporter-output>
          </reporter-output>
        </test-method> <!-- onlineProgramsLinkTest -->
        <test-method is-config="true" signature="tearDown()[pri:0, instance:school.educare.testcases.HomePageTest@5ab9e72c]" started-at="2021-03-21T19:27:28Z" name="tearDown" finished-at="2021-03-21T19:28:35Z" duration-ms="67297" status="PASS">
          <reporter-output>
          </reporter-output>
        </test-method> <!-- tearDown -->
        <test-method is-config="true" signature="setUp()[pri:0, instance:school.educare.testcases.HomePageTest@5ab9e72c]" started-at="2021-03-21T19:28:35Z" name="setUp" finished-at="2021-03-21T19:28:44Z" duration-ms="9000" status="PASS">
          <reporter-output>
          </reporter-output>
        </test-method> <!-- setUp -->
        <test-method signature="jobLinkTest()[pri:4, instance:school.educare.testcases.HomePageTest@5ab9e72c]" started-at="2021-03-21T19:28:44Z" name="jobLinkTest" finished-at="2021-03-21T19:28:45Z" duration-ms="287" status="PASS">
          <reporter-output>
          </reporter-output>
        </test-method> <!-- jobLinkTest -->
        <test-method is-config="true" signature="tearDown()[pri:0, instance:school.educare.testcases.HomePageTest@5ab9e72c]" started-at="2021-03-21T19:28:45Z" name="tearDown" finished-at="2021-03-21T19:29:55Z" duration-ms="70454" status="PASS">
          <reporter-output>
          </reporter-output>
        </test-method> <!-- tearDown -->
        <test-method is-config="true" signature="setUp()[pri:0, instance:school.educare.testcases.HomePageTest@5ab9e72c]" started-at="2021-03-21T19:29:55Z" name="setUp" finished-at="2021-03-21T19:30:07Z" duration-ms="11665" status="PASS">
          <reporter-output>
          </reporter-output>
        </test-method> <!-- setUp -->
        <test-method signature="communityProgramsLink()[pri:5, instance:school.educare.testcases.HomePageTest@5ab9e72c]" started-at="2021-03-21T19:30:07Z" name="communityProgramsLink" finished-at="2021-03-21T19:30:07Z" duration-ms="305" status="PASS">
          <reporter-output>
          </reporter-output>
        </test-method> <!-- communityProgramsLink -->
        <test-method is-config="true" signature="tearDown()[pri:0, instance:school.educare.testcases.HomePageTest@5ab9e72c]" started-at="2021-03-21T19:30:07Z" name="tearDown" finished-at="2021-03-21T19:31:17Z" duration-ms="69860" status="PASS">
          <reporter-output>
          </reporter-output>
        </test-method> <!-- tearDown -->
        <test-method is-config="true" signature="setUp()[pri:0, instance:school.educare.testcases.HomePageTest@5ab9e72c]" started-at="2021-03-21T19:31:17Z" name="setUp" finished-at="2021-03-21T19:31:26Z" duration-ms="8588" status="PASS">
          <reporter-output>
          </reporter-output>
        </test-method> <!-- setUp -->
        <test-method signature="aboutUsLinkTest()[pri:6, instance:school.educare.testcases.HomePageTest@5ab9e72c]" started-at="2021-03-21T19:31:26Z" name="aboutUsLinkTest" finished-at="2021-03-21T19:31:26Z" duration-ms="488" status="PASS">
          <reporter-output>
          </reporter-output>
        </test-method> <!-- aboutUsLinkTest -->
        <test-method is-config="true" signature="tearDown()[pri:0, instance:school.educare.testcases.HomePageTest@5ab9e72c]" started-at="2021-03-21T19:31:26Z" name="tearDown" finished-at="2021-03-21T19:31:29Z" duration-ms="3159" status="PASS">
          <reporter-output>
          </reporter-output>
        </test-method> <!-- tearDown -->
      </class> <!-- school.educare.testcases.HomePageTest -->
    </test> <!-- Default test -->
  </suite> <!-- Default suite -->
</testng-results>
