<?xml version="1.0" encoding="UTF-8"?>
<!-- Generated by org.testng.reporters.JUnitXMLReporter -->
<testsuite ignored="0" hostname="DESKTOP-OCSFSN6" failures="0" tests="6" name="HomePageLinkTest" time="56.325" errors="0" timestamp="21 Mar 2021 18:16:18 GMT">
  <testcase classname="school.educare.testcases.HomePageTest" name="homePageTitleTest" time="0.024"/>
  <testcase classname="school.educare.testcases.HomePageTest" name="programsLinkTest" time="0.185"/>
  <testcase classname="school.educare.testcases.HomePageTest" name="onlineProgramsLinkTest" time="0.277"/>
  <testcase classname="school.educare.testcases.HomePageTest" name="jobLinkTest" time="0.207"/>
  <testcase classname="school.educare.testcases.HomePageTest" name="communityProgramsLink" time="0.128"/>
  <testcase classname="school.educare.testcases.HomePageTest" name="aboutUsLinkTest" time="0.233"/>
</testsuite> <!-- HomePageLinkTest -->
